<?xml version="1.0" encoding="UTF-8"?>
<!-- Generated by org.testng.reporters.JUnitXMLReporter -->
<testsuite hostname="Lenovo-PC" ignored="0" name="Command line test" tests="7" failures="2" timestamp="11 Apr 2020 08:21:42 GMT" time="347.507" errors="0">
  <testcase name="createNewContact" time="14.526" classname="com.crm.qa.testcases.ConatctsPageTest">
    <failure type="java.lang.IllegalArgumentException" message="Keys to send should be a not null CharSequence">
      <![CDATA[java.lang.IllegalArgumentException: Keys to send should be a not null CharSequence
at org.openqa.selenium.remote.RemoteWebElement.sendKeys(RemoteWebElement.java:97)
at org.openqa.selenium.support.events.EventFiringWebDriver$EventFiringWebElement.lambda$new$0(EventFiringWebDriver.java:404)
at com.sun.proxy.$Proxy11.sendKeys(Unknown Source)
at org.openqa.selenium.support.events.EventFiringWebDriver$EventFiringWebElement.sendKeys(EventFiringWebDriver.java:429)
at org.openqa.selenium.support.pagefactory.internal.LocatingElementHandler.invoke(LocatingElementHandler.java:51)
at com.sun.proxy.$Proxy10.sendKeys(Unknown Source)
at com.crm.qa.pages.ConatctsPage.createNewContact(ConatctsPage.java:55)
at com.crm.qa.testcases.ConatctsPageTest.createNewContact(ConatctsPageTest.java:55)
... Removed 43 stack frames]]>
    </failure>
  </testcase> <!-- createNewContact -->
  <testcase name="createNewContact" time="17.998" classname="com.crm.qa.testcases.ConatctsPageTest"/>
  <testcase name="createNewContact" time="12.201" classname="com.crm.qa.testcases.ConatctsPageTest"/>
  <testcase name="verifyTitle" time="0.071" classname="com.crm.qa.testcases.HomePageTest">
    <failure type="java.lang.AssertionError" message="Title not mathced expected [crmd] but found [CRMPRO]">
      <![CDATA[java.lang.AssertionError: Title not mathced expected [crmd] but found [CRMPRO]
at com.crm.qa.testcases.HomePageTest.verifyTitle(HomePageTest.java:31)
... Removed 40 stack frames]]>
    </failure>
  </testcase> <!-- verifyTitle -->
  <testcase name="loginPageTitileTest" time="0.065" classname="com.crm.qa.testcases.LoginPageTest"/>
  <testcase name="crmlogoImageTest" time="0.37" classname="com.crm.qa.testcases.LoginPageTest"/>
  <testcase name="loginTest" time="19.063" classname="com.crm.qa.testcases.LoginPageTest"/>
</testsuite> <!-- Command line test -->
